<?xml version="1.0" encoding="UTF-8"?>
<!-- Generated by org.testng.reporters.JUnitReportReporter -->
<testsuite skipped="0" hostname="HIGURL60281" name="com.qa.tests.TC_001" tests="1" failures="0" timestamp="13 Jun 2019 13:14:19 GMT" time="56.959" errors="0">
  <testcase name="test" time="56.959" classname="com.qa.tests.TC_001"/>
</testsuite> <!-- com.qa.tests.TC_001 -->
